<?xml version="1.0" encoding="UTF-8"?>
<!-- Generated by org.testng.reporters.JUnitXMLReporter -->
<testsuite ignored="0" hostname="DESKTOP-94L7N24" failures="0" tests="8" name="Default test" time="34.875" errors="0" timestamp="2025-01-12T16:52:32 IST">
  <testcase classname="curahealthcaredemo.TestCasesExecution" name="test2_ScreenScrollFunctionality" time="1.816"/>
  <testcase classname="curahealthcaredemo.TestCasesExecution" name="test3_VerifyHomeButtonInMenu" time="2.658"/>
  <testcase classname="curahealthcaredemo.TestCasesExecution" name="test4_VerifyLoginPage" time="6.547"/>
  <testcase classname="curahealthcaredemo.TestCasesExecution" name="test5_VerifyLoginCredential" time="0.774"/>
  <testcase classname="curahealthcaredemo.TestCasesExecution" name="test6_BookingAppointment" time="10.598"/>
  <testcase classname="curahealthcaredemo.TestCasesExecution" name="test7_VerifyHistoryInMenu" time="1.97"/>
  <testcase classname="curahealthcaredemo.TestCasesExecution" name="test8_VerifyProfileInMenu" time="1.566"/>
  <testcase classname="curahealthcaredemo.TestCasesExecution" name="test9_VerifyLogout" time="1.132"/>
</testsuite> <!-- Default test -->
