<?xml version="1.0" encoding="UTF-8"?>
<testng-results ignored="0" total="8" passed="8" failed="0" skipped="0">
  <reporter-output>
  </reporter-output>
  <suite started-at="2025-01-12T16:51:57 IST" name="Default suite" finished-at="2025-01-12T16:52:32 IST" duration-ms="34875">
    <groups>
    </groups>
    <test started-at="2025-01-12T16:51:57 IST" name="Default test" finished-at="2025-01-12T16:52:32 IST" duration-ms="34875">
      <class name="curahealthcaredemo.TestCasesExecution">
        <test-method is-config="true" signature="test1_LaunchingURL()[pri:0, instance:curahealthcaredemo.TestCasesExecution@2d7275fc]" started-at="2025-01-12T16:51:57 IST" name="test1_LaunchingURL" finished-at="2025-01-12T16:52:04 IST" duration-ms="6860" status="PASS">
          <reporter-output>
          </reporter-output>
        </test-method> <!-- test1_LaunchingURL -->
        <test-method signature="test2_ScreenScrollFunctionality()[pri:0, instance:curahealthcaredemo.TestCasesExecution@2d7275fc]" started-at="2025-01-12T16:52:04 IST" name="test2_ScreenScrollFunctionality" finished-at="2025-01-12T16:52:06 IST" duration-ms="1816" status="PASS">
          <reporter-output>
          </reporter-output>
        </test-method> <!-- test2_ScreenScrollFunctionality -->
        <test-method signature="test3_VerifyHomeButtonInMenu()[pri:0, instance:curahealthcaredemo.TestCasesExecution@2d7275fc]" started-at="2025-01-12T16:52:06 IST" name="test3_VerifyHomeButtonInMenu" finished-at="2025-01-12T16:52:08 IST" duration-ms="2658" status="PASS">
          <reporter-output>
          </reporter-output>
        </test-method> <!-- test3_VerifyHomeButtonInMenu -->
        <test-method signature="test4_VerifyLoginPage()[pri:0, instance:curahealthcaredemo.TestCasesExecution@2d7275fc]" started-at="2025-01-12T16:52:08 IST" name="test4_VerifyLoginPage" finished-at="2025-01-12T16:52:15 IST" duration-ms="6547" status="PASS">
          <reporter-output>
          </reporter-output>
        </test-method> <!-- test4_VerifyLoginPage -->
        <test-method signature="test5_VerifyLoginCredential()[pri:0, instance:curahealthcaredemo.TestCasesExecution@2d7275fc]" started-at="2025-01-12T16:52:15 IST" name="test5_VerifyLoginCredential" finished-at="2025-01-12T16:52:16 IST" duration-ms="774" status="PASS">
          <reporter-output>
          </reporter-output>
        </test-method> <!-- test5_VerifyLoginCredential -->
        <test-method signature="test6_BookingAppointment()[pri:0, instance:curahealthcaredemo.TestCasesExecution@2d7275fc]" started-at="2025-01-12T16:52:16 IST" name="test6_BookingAppointment" finished-at="2025-01-12T16:52:26 IST" duration-ms="10598" status="PASS">
          <reporter-output>
          </reporter-output>
        </test-method> <!-- test6_BookingAppointment -->
        <test-method signature="test7_VerifyHistoryInMenu()[pri:0, instance:curahealthcaredemo.TestCasesExecution@2d7275fc]" started-at="2025-01-12T16:52:26 IST" name="test7_VerifyHistoryInMenu" finished-at="2025-01-12T16:52:28 IST" duration-ms="1970" status="PASS">
          <reporter-output>
          </reporter-output>
        </test-method> <!-- test7_VerifyHistoryInMenu -->
        <test-method signature="test8_VerifyProfileInMenu()[pri:0, instance:curahealthcaredemo.TestCasesExecution@2d7275fc]" started-at="2025-01-12T16:52:28 IST" name="test8_VerifyProfileInMenu" finished-at="2025-01-12T16:52:30 IST" duration-ms="1566" status="PASS">
          <reporter-output>
          </reporter-output>
        </test-method> <!-- test8_VerifyProfileInMenu -->
        <test-method signature="test9_VerifyLogout()[pri:0, instance:curahealthcaredemo.TestCasesExecution@2d7275fc]" started-at="2025-01-12T16:52:30 IST" name="test9_VerifyLogout" finished-at="2025-01-12T16:52:31 IST" duration-ms="1132" status="PASS">
          <reporter-output>
          </reporter-output>
        </test-method> <!-- test9_VerifyLogout -->
        <test-method is-config="true" signature="test10_TerminatingWebPage()[pri:0, instance:curahealthcaredemo.TestCasesExecution@2d7275fc]" started-at="2025-01-12T16:52:31 IST" name="test10_TerminatingWebPage" finished-at="2025-01-12T16:52:32 IST" duration-ms="884" status="PASS">
          <reporter-output>
          </reporter-output>
        </test-method> <!-- test10_TerminatingWebPage -->
      </class> <!-- curahealthcaredemo.TestCasesExecution -->
    </test> <!-- Default test -->
  </suite> <!-- Default suite -->
</testng-results>
